Performing C++ SOURCE FILE Test CMAKE_HAVE_LIBC_PTHREAD failed with the following output:
Change Dir: /Users/vlad_voropaev/Yandex.Disk.localized/bmstu/sem_6/software_development/projects/libs/spdlog/build/arm64-v8a/CMakeFiles/CMakeTmp

Run Build Command(s):/usr/bin/make cmTC_8695b/fast && /Library/Developer/CommandLineTools/usr/bin/make  -f CMakeFiles/cmTC_8695b.dir/build.make CMakeFiles/cmTC_8695b.dir/build
Building CXX object CMakeFiles/cmTC_8695b.dir/src.cxx.o
/Users/vlad_voropaev/Library/Android/sdk/ndk/21.1.6352462/toolchains/llvm/prebuilt/darwin-x86_64/bin/clang++ --target=armv7-none-linux-androideabi16 --gcc-toolchain=/Users/vlad_voropaev/Library/Android/sdk/ndk/21.1.6352462/toolchains/llvm/prebuilt/darwin-x86_64 --sysroot=/Users/vlad_voropaev/Library/Android/sdk/ndk/21.1.6352462/toolchains/llvm/prebuilt/darwin-x86_64/sysroot   -g -DANDROID -fdata-sections -ffunction-sections -funwind-tables -fstack-protector-strong -no-canonical-prefixes -D_FORTIFY_SOURCE=2 -march=armv7-a -mthumb -Wformat -Werror=format-security   -DCMAKE_HAVE_LIBC_PTHREAD -fPIE -std=c++11 -o CMakeFiles/cmTC_8695b.dir/src.cxx.o -c /Users/vlad_voropaev/Yandex.Disk.localized/bmstu/sem_6/software_development/projects/libs/spdlog/build/arm64-v8a/CMakeFiles/CMakeTmp/src.cxx
/Users/vlad_voropaev/Yandex.Disk.localized/bmstu/sem_6/software_development/projects/libs/spdlog/build/arm64-v8a/CMakeFiles/CMakeTmp/src.cxx:13:3: error: use of undeclared identifier 'pthread_cancel'
  pthread_cancel(thread);
  ^
1 error generated.
make[1]: *** [CMakeFiles/cmTC_8695b.dir/src.cxx.o] Error 1
make: *** [cmTC_8695b/fast] Error 2


Source file was:
#include <pthread.h>

void* test_func(void* data)
{
  return data;
}

int main(void)
{
  pthread_t thread;
  pthread_create(&thread, NULL, test_func, NULL);
  pthread_detach(thread);
  pthread_cancel(thread);
  pthread_join(thread, NULL);
  pthread_atfork(NULL, NULL, NULL);
  pthread_exit(NULL);

  return 0;
}

Determining if the function pthread_create exists in the pthreads failed with the following output:
Change Dir: /Users/vlad_voropaev/Yandex.Disk.localized/bmstu/sem_6/software_development/projects/libs/spdlog/build/arm64-v8a/CMakeFiles/CMakeTmp

Run Build Command(s):/usr/bin/make cmTC_d8bb8/fast && /Library/Developer/CommandLineTools/usr/bin/make  -f CMakeFiles/cmTC_d8bb8.dir/build.make CMakeFiles/cmTC_d8bb8.dir/build
Building CXX object CMakeFiles/cmTC_d8bb8.dir/CheckFunctionExists.cxx.o
/Users/vlad_voropaev/Library/Android/sdk/ndk/21.1.6352462/toolchains/llvm/prebuilt/darwin-x86_64/bin/clang++ --target=armv7-none-linux-androideabi16 --gcc-toolchain=/Users/vlad_voropaev/Library/Android/sdk/ndk/21.1.6352462/toolchains/llvm/prebuilt/darwin-x86_64 --sysroot=/Users/vlad_voropaev/Library/Android/sdk/ndk/21.1.6352462/toolchains/llvm/prebuilt/darwin-x86_64/sysroot   -g -DANDROID -fdata-sections -ffunction-sections -funwind-tables -fstack-protector-strong -no-canonical-prefixes -D_FORTIFY_SOURCE=2 -march=armv7-a -mthumb -Wformat -Werror=format-security   -DCHECK_FUNCTION_EXISTS=pthread_create -fPIE -std=c++11 -o CMakeFiles/cmTC_d8bb8.dir/CheckFunctionExists.cxx.o -c /Users/vlad_voropaev/Yandex.Disk.localized/bmstu/sem_6/software_development/projects/libs/spdlog/build/arm64-v8a/CMakeFiles/CheckLibraryExists/CheckFunctionExists.cxx
Linking CXX executable cmTC_d8bb8
/Users/vlad_voropaev/Library/Android/sdk/cmake/3.18.1/bin/cmake -E cmake_link_script CMakeFiles/cmTC_d8bb8.dir/link.txt --verbose=1
/Users/vlad_voropaev/Library/Android/sdk/ndk/21.1.6352462/toolchains/llvm/prebuilt/darwin-x86_64/bin/clang++ --target=armv7-none-linux-androideabi16 --gcc-toolchain=/Users/vlad_voropaev/Library/Android/sdk/ndk/21.1.6352462/toolchains/llvm/prebuilt/darwin-x86_64 --sysroot=/Users/vlad_voropaev/Library/Android/sdk/ndk/21.1.6352462/toolchains/llvm/prebuilt/darwin-x86_64/sysroot -g -DANDROID -fdata-sections -ffunction-sections -funwind-tables -fstack-protector-strong -no-canonical-prefixes -D_FORTIFY_SOURCE=2 -march=armv7-a -mthumb -Wformat -Werror=format-security   -DCHECK_FUNCTION_EXISTS=pthread_create -Wl,--exclude-libs,libgcc.a -Wl,--exclude-libs,libgcc_real.a -Wl,--exclude-libs,libatomic.a -static-libstdc++ -Wl,--build-id -Wl,--fatal-warnings -Wl,--exclude-libs,libunwind.a -Wl,--no-undefined -Qunused-arguments -Wl,--gc-sections   CMakeFiles/cmTC_d8bb8.dir/CheckFunctionExists.cxx.o -o cmTC_d8bb8  -lpthreads -latomic -lm 
/Users/vlad_voropaev/Library/Android/sdk/ndk/21.1.6352462/toolchains/llvm/prebuilt/darwin-x86_64/lib/gcc/arm-linux-androideabi/4.9.x/../../../../arm-linux-androideabi/bin/ld: error: cannot find -lpthreads
clang++: error: linker command failed with exit code 1 (use -v to see invocation)
make[1]: *** [cmTC_d8bb8] Error 1
make: *** [cmTC_d8bb8/fast] Error 2



Determining if the function pthread_create exists in the pthread failed with the following output:
Change Dir: /Users/vlad_voropaev/Yandex.Disk.localized/bmstu/sem_6/software_development/projects/libs/spdlog/build/arm64-v8a/CMakeFiles/CMakeTmp

Run Build Command(s):/usr/bin/make cmTC_4333e/fast && /Library/Developer/CommandLineTools/usr/bin/make  -f CMakeFiles/cmTC_4333e.dir/build.make CMakeFiles/cmTC_4333e.dir/build
Building CXX object CMakeFiles/cmTC_4333e.dir/CheckFunctionExists.cxx.o
/Users/vlad_voropaev/Library/Android/sdk/ndk/21.1.6352462/toolchains/llvm/prebuilt/darwin-x86_64/bin/clang++ --target=armv7-none-linux-androideabi16 --gcc-toolchain=/Users/vlad_voropaev/Library/Android/sdk/ndk/21.1.6352462/toolchains/llvm/prebuilt/darwin-x86_64 --sysroot=/Users/vlad_voropaev/Library/Android/sdk/ndk/21.1.6352462/toolchains/llvm/prebuilt/darwin-x86_64/sysroot   -g -DANDROID -fdata-sections -ffunction-sections -funwind-tables -fstack-protector-strong -no-canonical-prefixes -D_FORTIFY_SOURCE=2 -march=armv7-a -mthumb -Wformat -Werror=format-security   -DCHECK_FUNCTION_EXISTS=pthread_create -fPIE -std=c++11 -o CMakeFiles/cmTC_4333e.dir/CheckFunctionExists.cxx.o -c /Users/vlad_voropaev/Yandex.Disk.localized/bmstu/sem_6/software_development/projects/libs/spdlog/build/arm64-v8a/CMakeFiles/CheckLibraryExists/CheckFunctionExists.cxx
Linking CXX executable cmTC_4333e
/Users/vlad_voropaev/Library/Android/sdk/cmake/3.18.1/bin/cmake -E cmake_link_script CMakeFiles/cmTC_4333e.dir/link.txt --verbose=1
/Users/vlad_voropaev/Library/Android/sdk/ndk/21.1.6352462/toolchains/llvm/prebuilt/darwin-x86_64/bin/clang++ --target=armv7-none-linux-androideabi16 --gcc-toolchain=/Users/vlad_voropaev/Library/Android/sdk/ndk/21.1.6352462/toolchains/llvm/prebuilt/darwin-x86_64 --sysroot=/Users/vlad_voropaev/Library/Android/sdk/ndk/21.1.6352462/toolchains/llvm/prebuilt/darwin-x86_64/sysroot -g -DANDROID -fdata-sections -ffunction-sections -funwind-tables -fstack-protector-strong -no-canonical-prefixes -D_FORTIFY_SOURCE=2 -march=armv7-a -mthumb -Wformat -Werror=format-security   -DCHECK_FUNCTION_EXISTS=pthread_create -Wl,--exclude-libs,libgcc.a -Wl,--exclude-libs,libgcc_real.a -Wl,--exclude-libs,libatomic.a -static-libstdc++ -Wl,--build-id -Wl,--fatal-warnings -Wl,--exclude-libs,libunwind.a -Wl,--no-undefined -Qunused-arguments -Wl,--gc-sections   CMakeFiles/cmTC_4333e.dir/CheckFunctionExists.cxx.o -o cmTC_4333e  -lpthread -latomic -lm 
/Users/vlad_voropaev/Library/Android/sdk/ndk/21.1.6352462/toolchains/llvm/prebuilt/darwin-x86_64/lib/gcc/arm-linux-androideabi/4.9.x/../../../../arm-linux-androideabi/bin/ld: error: cannot find -lpthread
clang++: error: linker command failed with exit code 1 (use -v to see invocation)
make[1]: *** [cmTC_4333e] Error 1
make: *** [cmTC_4333e/fast] Error 2



